<?xml version="1.0" encoding="UTF-8"?>
<!-- Generated by org.testng.reporters.JUnitReportReporter -->
<testsuite hostname="DESKTOP-P2082N8" failures="0" tests="1" name="com.test2.NewTest5" time="37.572" errors="0" timestamp="2023-05-02T11:18:32 IST" skipped="0">
  <testcase classname="com.test2.NewTest5" name="Task1" time="37.572"/>
  <system-out/>
</testsuite> <!-- com.test2.NewTest5 -->
