<?xml version="1.0" encoding="UTF-8"?>
<!-- Generated by org.testng.reporters.JUnitReportReporter -->
<testsuite hostname="DESKTOP-P2082N8" failures="0" tests="4" name="com.test2.NewTest1" time="0.014" errors="0" timestamp="2023-04-27T12:27:38 IST" skipped="0">
  <testcase classname="com.test2.NewTest1" name="add" time="0.009"/>
  <system-out/>
  <testcase classname="com.test2.NewTest1" name="multiply" time="0.002"/>
  <system-out/>
  <testcase classname="com.test2.NewTest1" name="subtract" time="0.002"/>
  <system-out/>
  <testcase classname="com.test2.NewTest1" name="divide" time="0.001"/>
  <system-out/>
</testsuite> <!-- com.test2.NewTest1 -->
