<?xml version="1.0" encoding="UTF-8"?>
<!-- Generated by org.testng.reporters.JUnitReportReporter -->
<testsuite hostname="DESKTOP-P2082N8" failures="0" tests="1" name="com.test2.NewTest3" time="29.088" errors="0" timestamp="2023-04-27T14:45:08 IST" skipped="0">
  <testcase classname="com.test2.NewTest3" name="openURL" time="29.088"/>
  <system-out/>
</testsuite> <!-- com.test2.NewTest3 -->
