<?xml version="1.0" encoding="UTF-8"?>
<!-- Generated by org.testng.reporters.JUnitReportReporter -->
<testsuite hostname="DESKTOP-P2082N8" failures="0" tests="2" name="com.test2.NewTest4" time="26.404" errors="0" timestamp="2023-04-27T15:11:46 IST" skipped="0">
  <testcase classname="com.test2.NewTest4" name="Signout" time="8.043"/>
  <system-out/>
  <testcase classname="com.test2.NewTest4" name="LoginPage" time="18.361"/>
  <system-out/>
</testsuite> <!-- com.test2.NewTest4 -->
