<?xml version="1.0" encoding="UTF-8"?>
<!-- Generated by org.testng.reporters.JUnitReportReporter -->
<testsuite hostname="DESKTOP-P2082N8" failures="0" tests="1" name="com.test2.Testng1" time="0.008" errors="0" timestamp="2023-04-27T11:23:53 IST" skipped="0">
  <testcase classname="com.test2.Testng1" name="f" time="0.008"/>
  <system-out/>
</testsuite> <!-- com.test2.Testng1 -->
